<?xml version="1.0" encoding="UTF-8"?>
<testsuite name="com.lumar.mbans.spring.HelloControllerTest" time="0" tests="1" errors="0" skipped="1" failures="0">
  <properties>
[...]
</properties>
  <testcase name="getHello" classname="com.lumar.mbans.spring.HelloControllerTest" time="0">
    <skipped/>
    <system-out><![CDATA[21:52:26.656 [main] DEBUG org.springframework.test.context.junit4.SpringJUnit4ClassRunner - SpringJUnit4ClassRunner constructor called with [class com.lumar.mbans.spring.HelloControllerTest]
21:52:26.679 [main] DEBUG org.springframework.test.context.BootstrapUtils - Instantiating CacheAwareContextLoaderDelegate from class [org.springframework.test.context.cache.DefaultCacheAwareContextLoaderDelegate]
21:52:26.705 [main] DEBUG org.springframework.test.context.BootstrapUtils - Instantiating BootstrapContext using constructor [public org.springframework.test.context.support.DefaultBootstrapContext(java.lang.Class,org.springframework.test.context.CacheAwareContextLoaderDelegate)]
21:52:26.750 [main] DEBUG org.springframework.test.context.BootstrapUtils - Instantiating TestContextBootstrapper for test class [com.lumar.mbans.spring.HelloControllerTest] from class [org.springframework.boot.test.context.SpringBootTestContextBootstrapper]
21:52:26.800 [main] INFO org.springframework.boot.test.context.SpringBootTestContextBootstrapper - Neither @ContextConfiguration nor @ContextHierarchy found for test class [com.lumar.mbans.spring.HelloControllerTest], using SpringBootContextLoader
21:52:26.821 [main] DEBUG org.springframework.test.context.support.AbstractContextLoader - Did not detect default resource location for test class [com.lumar.mbans.spring.HelloControllerTest]: class path resource [com/lumar/mbans/spring/HelloControllerTest-context.xml] does not exist
21:52:26.822 [main] DEBUG org.springframework.test.context.support.AbstractContextLoader - Did not detect default resource location for test class [com.lumar.mbans.spring.HelloControllerTest]: class path resource [com/lumar/mbans/spring/HelloControllerTestContext.groovy] does not exist
21:52:26.823 [main] INFO org.springframework.test.context.support.AbstractContextLoader - Could not detect default resource locations for test class [com.lumar.mbans.spring.HelloControllerTest]: no resource found for suffixes {-context.xml, Context.groovy}.
21:52:26.826 [main] INFO org.springframework.test.context.support.AnnotationConfigContextLoaderUtils - Could not detect default configuration classes for test class [com.lumar.mbans.spring.HelloControllerTest]: HelloControllerTest does not declare any static, non-private, non-final, nested classes annotated with @Configuration.
21:52:27.023 [main] DEBUG org.springframework.test.context.support.ActiveProfilesUtils - Could not find an 'annotation declaring class' for annotation type [org.springframework.test.context.ActiveProfiles] and class [com.lumar.mbans.spring.HelloControllerTest]
21:52:27.032 [main] DEBUG org.springframework.core.env.StandardEnvironment - Adding PropertySource 'systemProperties' with lowest search precedence
21:52:27.033 [main] DEBUG org.springframework.core.env.StandardEnvironment - Adding PropertySource 'systemEnvironment' with lowest search precedence
21:52:27.034 [main] DEBUG org.springframework.core.env.StandardEnvironment - Initialized StandardEnvironment with PropertySources [MapPropertySource@1489069835 {name='systemProperties', properties={idea.version=15.0.4, java.runtime.name=Java(TM) SE Runtime Environment, sun.boot.library.path=/Library/Java/JavaVirtualMachines/jdk1.8.0_92.jdk/Contents/Home/jre/lib, java.vm.version=25.92-b14, user.country.format=GB, gopherProxySet=false, java.vm.vendor=Oracle Corporation, java.vendor.url=http://java.oracle.com/, path.separator=:, java.vm.name=Java HotSpot(TM) 64-Bit Server VM, file.encoding.pkg=sun.io, user.country=US, sun.java.launcher=SUN_STANDARD, sun.os.patch.level=unknown, java.vm.specification.name=Java Virtual Machine Specification, user.dir=/Users/lumarmacy1/dev/git/spring-boot-angular-skeleton, java.runtime.version=1.8.0_92-b14, basedir=/Users/lumarmacy1/dev/git/spring-boot-angular-skeleton, java.awt.graphicsenv=sun.awt.CGraphicsEnvironment, java.endorsed.dirs=/Library/Java/JavaVirtualMachines/jdk1.8.0_92.jdk/Contents/Home/jre/lib/endorsed, os.arch=x86_64, surefire.real.class.path=/Users/lumarmacy1/dev/git/spring-boot-angular-skeleton/target/surefire/surefirebooter409106115080137581.jar, java.io.tmpdir=/var/folders/_y/vbldd52j0cq4lfghkwnldby40000gp/T/, line.separator=
, java.vm.specification.vendor=Oracle Corporation, os.name=Mac OS X, sun.jnu.encoding=UTF-8, java.library.path=/Users/lumarmacy1/Library/Java/Extensions:/Library/Java/Extensions:/Network/Library/Java/Extensions:/System/Library/Java/Extensions:/usr/lib/java:., surefire.test.class.path=/Users/lumarmacy1/dev/git/spring-boot-angular-skeleton/target/test-classes:/Users/lumarmacy1/dev/git/spring-boot-angular-skeleton/target/classes:/Users/lumarmacy1/.m2/repository/org/springframework/boot/spring-boot-starter-web/1.5.8.RELEASE/spring-boot-starter-web-1.5.8.RELEASE.jar:/Users/lumarmacy1/.m2/repository/org/springframework/boot/spring-boot-starter/1.5.8.RELEASE/spring-boot-starter-1.5.8.RELEASE.jar:/Users/lumarmacy1/.m2/repository/org/springframework/boot/spring-boot/1.5.8.RELEASE/spring-boot-1.5.8.RELEASE.jar:/Users/lumarmacy1/.m2/repository/org/springframework/boot/spring-boot-autoconfigure/1.5.8.RELEASE/spring-boot-autoconfigure-1.5.8.RELEASE.jar:/Users/lumarmacy1/.m2/repository/org/springframework/boot/spring-boot-starter-logging/1.5.8.RELEASE/spring-boot-starter-logging-1.5.8.RELEASE.jar:/Users/lumarmacy1/.m2/repository/ch/qos/logback/logback-classic/1.1.11/logback-classic-1.1.11.jar:/Users/lumarmacy1/.m2/repository/ch/qos/logback/logback-core/1.1.11/logback-core-1.1.11.jar:/Users/lumarmacy1/.m2/repository/org/slf4j/jcl-over-slf4j/1.7.25/jcl-over-slf4j-1.7.25.jar:/Users/lumarmacy1/.m2/repository/org/slf4j/jul-to-slf4j/1.7.25/jul-to-slf4j-1.7.25.jar:/Users/lumarmacy1/.m2/repository/org/slf4j/log4j-over-slf4j/1.7.25/log4j-over-slf4j-1.7.25.jar:/Users/lumarmacy1/.m2/repository/org/yaml/snakeyaml/1.17/snakeyaml-1.17.jar:/Users/lumarmacy1/.m2/repository/org/springframework/boot/spring-boot-starter-tomcat/1.5.8.RELEASE/spring-boot-starter-tomcat-1.5.8.RELEASE.jar:/Users/lumarmacy1/.m2/repository/org/apache/tomcat/embed/tomcat-embed-core/8.5.23/tomcat-embed-core-8.5.23.jar:/Users/lumarmacy1/.m2/repository/org/apache/tomcat/tomcat-annotations-api/8.5.23/tomcat-annotations-api-8.5.23.jar:/Users/lumarmacy1/.m2/repository/org/apache/tomcat/embed/tomcat-embed-el/8.5.23/tomcat-embed-el-8.5.23.jar:/Users/lumarmacy1/.m2/repository/org/apache/tomcat/embed/tomcat-embed-websocket/8.5.23/tomcat-embed-websocket-8.5.23.jar:/Users/lumarmacy1/.m2/repository/org/hibernate/hibernate-validator/5.3.5.Final/hibernate-validator-5.3.5.Final.jar:/Users/lumarmacy1/.m2/repository/javax/validation/validation-api/1.1.0.Final/validation-api-1.1.0.Final.jar:/Users/lumarmacy1/.m2/repository/org/jboss/logging/jboss-logging/3.3.1.Final/jboss-logging-3.3.1.Final.jar:/Users/lumarmacy1/.m2/repository/com/fasterxml/classmate/1.3.4/classmate-1.3.4.jar:/Users/lumarmacy1/.m2/repository/com/fasterxml/jackson/core/jackson-databind/2.8.10/jackson-databind-2.8.10.jar:/Users/lumarmacy1/.m2/repository/com/fasterxml/jackson/core/jackson-annotations/2.8.0/jackson-annotations-2.8.0.jar:/Users/lumarmacy1/.m2/repository/com/fasterxml/jackson/core/jackson-core/2.8.10/jackson-core-2.8.10.jar:/Users/lumarmacy1/.m2/repository/org/springframework/spring-web/4.3.12.RELEASE/spring-web-4.3.12.RELEASE.jar:/Users/lumarmacy1/.m2/repository/org/springframework/spring-aop/4.3.12.RELEASE/spring-aop-4.3.12.RELEASE.jar:/Users/lumarmacy1/.m2/repository/org/springframework/spring-beans/4.3.12.RELEASE/spring-beans-4.3.12.RELEASE.jar:/Users/lumarmacy1/.m2/repository/org/springframework/spring-context/4.3.12.RELEASE/spring-context-4.3.12.RELEASE.jar:/Users/lumarmacy1/.m2/repository/org/springframework/spring-webmvc/4.3.12.RELEASE/spring-webmvc-4.3.12.RELEASE.jar:/Users/lumarmacy1/.m2/repository/org/springframework/spring-expression/4.3.12.RELEASE/spring-expression-4.3.12.RELEASE.jar:/Users/lumarmacy1/.m2/repository/org/springframework/boot/spring-boot-starter-actuator/1.5.8.RELEASE/spring-boot-starter-actuator-1.5.8.RELEASE.jar:/Users/lumarmacy1/.m2/repository/org/springframework/boot/spring-boot-actuator/1.5.8.RELEASE/spring-boot-actuator-1.5.8.RELEASE.jar:/Users/lumarmacy1/.m2/repository/com/github/ulisesbocchio/jasypt-spring-boot-starter/1.17/jasypt-spring-boot-starter-1.17.jar:/Users/lumarmacy1/.m2/repository/com/github/ulisesbocchio/jasypt-spring-boot/1.17/jasypt-spring-boot-1.17.jar:/Users/lumarmacy1/.m2/repository/org/jasypt/jasypt/1.9.2/jasypt-1.9.2.jar:/Users/lumarmacy1/.m2/repository/org/springframework/boot/spring-boot-starter-test/1.5.8.RELEASE/spring-boot-starter-test-1.5.8.RELEASE.jar:/Users/lumarmacy1/.m2/repository/org/springframework/boot/spring-boot-test/1.5.8.RELEASE/spring-boot-test-1.5.8.RELEASE.jar:/Users/lumarmacy1/.m2/repository/org/springframework/boot/spring-boot-test-autoconfigure/1.5.8.RELEASE/spring-boot-test-autoconfigure-1.5.8.RELEASE.jar:/Users/lumarmacy1/.m2/repository/com/jayway/jsonpath/json-path/2.2.0/json-path-2.2.0.jar:/Users/lumarmacy1/.m2/repository/net/minidev/json-smart/2.2.1/json-smart-2.2.1.jar:/Users/lumarmacy1/.m2/repository/net/minidev/accessors-smart/1.1/accessors-smart-1.1.jar:/Users/lumarmacy1/.m2/repository/org/ow2/asm/asm/5.0.3/asm-5.0.3.jar:/Users/lumarmacy1/.m2/repository/org/slf4j/slf4j-api/1.7.25/slf4j-api-1.7.25.jar:/Users/lumarmacy1/.m2/repository/junit/junit/4.12/junit-4.12.jar:/Users/lumarmacy1/.m2/repository/org/assertj/assertj-core/2.6.0/assertj-core-2.6.0.jar:/Users/lumarmacy1/.m2/repository/org/mockito/mockito-core/1.10.19/mockito-core-1.10.19.jar:/Users/lumarmacy1/.m2/repository/org/objenesis/objenesis/2.1/objenesis-2.1.jar:/Users/lumarmacy1/.m2/repository/org/hamcrest/hamcrest-core/1.3/hamcrest-core-1.3.jar:/Users/lumarmacy1/.m2/repository/org/hamcrest/hamcrest-library/1.3/hamcrest-library-1.3.jar:/Users/lumarmacy1/.m2/repository/org/skyscreamer/jsonassert/1.4.0/jsonassert-1.4.0.jar:/Users/lumarmacy1/.m2/repository/com/vaadin/external/google/android-json/0.0.20131108.vaadin1/android-json-0.0.20131108.vaadin1.jar:/Users/lumarmacy1/.m2/repository/org/springframework/spring-core/4.3.12.RELEASE/spring-core-4.3.12.RELEASE.jar:/Users/lumarmacy1/.m2/repository/org/springframework/spring-test/4.3.12.RELEASE/spring-test-4.3.12.RELEASE.jar:, java.specification.name=Java Platform API Specification, java.class.version=52.0, sun.management.compiler=HotSpot 64-Bit Tiered Compilers, os.version=10.11.3, http.nonProxyHosts=local|*.local|169.254/16|*.169.254/16, user.home=/Users/lumarmacy1, user.timezone=Asia/Manila, java.awt.printerjob=sun.lwawt.macosx.CPrinterJob, file.encoding=UTF-8, java.specification.version=1.8, java.class.path=/Users/lumarmacy1/dev/git/spring-boot-angular-skeleton/target/test-classes:/Users/lumarmacy1/dev/git/spring-boot-angular-skeleton/target/classes:/Users/lumarmacy1/.m2/repository/org/springframework/boot/spring-boot-starter-web/1.5.8.RELEASE/spring-boot-starter-web-1.5.8.RELEASE.jar:/Users/lumarmacy1/.m2/repository/org/springframework/boot/spring-boot-starter/1.5.8.RELEASE/spring-boot-starter-1.5.8.RELEASE.jar:/Users/lumarmacy1/.m2/repository/org/springframework/boot/spring-boot/1.5.8.RELEASE/spring-boot-1.5.8.RELEASE.jar:/Users/lumarmacy1/.m2/repository/org/springframework/boot/spring-boot-autoconfigure/1.5.8.RELEASE/spring-boot-autoconfigure-1.5.8.RELEASE.jar:/Users/lumarmacy1/.m2/repository/org/springframework/boot/spring-boot-starter-logging/1.5.8.RELEASE/spring-boot-starter-logging-1.5.8.RELEASE.jar:/Users/lumarmacy1/.m2/repository/ch/qos/logback/logback-classic/1.1.11/logback-classic-1.1.11.jar:/Users/lumarmacy1/.m2/repository/ch/qos/logback/logback-core/1.1.11/logback-core-1.1.11.jar:/Users/lumarmacy1/.m2/repository/org/slf4j/jcl-over-slf4j/1.7.25/jcl-over-slf4j-1.7.25.jar:/Users/lumarmacy1/.m2/repository/org/slf4j/jul-to-slf4j/1.7.25/jul-to-slf4j-1.7.25.jar:/Users/lumarmacy1/.m2/repository/org/slf4j/log4j-over-slf4j/1.7.25/log4j-over-slf4j-1.7.25.jar:/Users/lumarmacy1/.m2/repository/org/yaml/snakeyaml/1.17/snakeyaml-1.17.jar:/Users/lumarmacy1/.m2/repository/org/springframework/boot/spring-boot-starter-tomcat/1.5.8.RELEASE/spring-boot-starter-tomcat-1.5.8.RELEASE.jar:/Users/lumarmacy1/.m2/repository/org/apache/tomcat/embed/tomcat-embed-core/8.5.23/tomcat-embed-core-8.5.23.jar:/Users/lumarmacy1/.m2/repository/org/apache/tomcat/tomcat-annotations-api/8.5.23/tomcat-annotations-api-8.5.23.jar:/Users/lumarmacy1/.m2/repository/org/apache/tomcat/embed/tomcat-embed-el/8.5.23/tomcat-embed-el-8.5.23.jar:/Users/lumarmacy1/.m2/repository/org/apache/tomcat/embed/tomcat-embed-websocket/8.5.23/tomcat-embed-websocket-8.5.23.jar:/Users/lumarmacy1/.m2/repository/org/hibernate/hibernate-validator/5.3.5.Final/hibernate-validator-5.3.5.Final.jar:/Users/lumarmacy1/.m2/repository/javax/validation/validation-api/1.1.0.Final/validation-api-1.1.0.Final.jar:/Users/lumarmacy1/.m2/repository/org/jboss/logging/jboss-logging/3.3.1.Final/jboss-logging-3.3.1.Final.jar:/Users/lumarmacy1/.m2/repository/com/fasterxml/classmate/1.3.4/classmate-1.3.4.jar:/Users/lumarmacy1/.m2/repository/com/fasterxml/jackson/core/jackson-databind/2.8.10/jackson-databind-2.8.10.jar:/Users/lumarmacy1/.m2/repository/com/fasterxml/jackson/core/jackson-annotations/2.8.0/jackson-annotations-2.8.0.jar:/Users/lumarmacy1/.m2/repository/com/fasterxml/jackson/core/jackson-core/2.8.10/jackson-core-2.8.10.jar:/Users/lumarmacy1/.m2/repository/org/springframework/spring-web/4.3.12.RELEASE/spring-web-4.3.12.RELEASE.jar:/Users/lumarmacy1/.m2/repository/org/springframework/spring-aop/4.3.12.RELEASE/spring-aop-4.3.12.RELEASE.jar:/Users/lumarmacy1/.m2/repository/org/springframework/spring-beans/4.3.12.RELEASE/spring-beans-4.3.12.RELEASE.jar:/Users/lumarmacy1/.m2/repository/org/springframework/spring-context/4.3.12.RELEASE/spring-context-4.3.12.RELEASE.jar:/Users/lumarmacy1/.m2/repository/org/springframework/spring-webmvc/4.3.12.RELEASE/spring-webmvc-4.3.12.RELEASE.jar:/Users/lumarmacy1/.m2/repository/org/springframework/spring-expression/4.3.12.RELEASE/spring-expression-4.3.12.RELEASE.jar:/Users/lumarmacy1/.m2/repository/org/springframework/boot/spring-boot-starter-actuator/1.5.8.RELEASE/spring-boot-starter-actuator-1.5.8.RELEASE.jar:/Users/lumarmacy1/.m2/repository/org/springframework/boot/spring-boot-actuator/1.5.8.RELEASE/spring-boot-actuator-1.5.8.RELEASE.jar:/Users/lumarmacy1/.m2/repository/com/github/ulisesbocchio/jasypt-spring-boot-starter/1.17/jasypt-spring-boot-starter-1.17.jar:/Users/lumarmacy1/.m2/repository/com/github/ulisesbocchio/jasypt-spring-boot/1.17/jasypt-spring-boot-1.17.jar:/Users/lumarmacy1/.m2/repository/org/jasypt/jasypt/1.9.2/jasypt-1.9.2.jar:/Users/lumarmacy1/.m2/repository/org/springframework/boot/spring-boot-starter-test/1.5.8.RELEASE/spring-boot-starter-test-1.5.8.RELEASE.jar:/Users/lumarmacy1/.m2/repository/org/springframework/boot/spring-boot-test/1.5.8.RELEASE/spring-boot-test-1.5.8.RELEASE.jar:/Users/lumarmacy1/.m2/repository/org/springframework/boot/spring-boot-test-autoconfigure/1.5.8.RELEASE/spring-boot-test-autoconfigure-1.5.8.RELEASE.jar:/Users/lumarmacy1/.m2/repository/com/jayway/jsonpath/json-path/2.2.0/json-path-2.2.0.jar:/Users/lumarmacy1/.m2/repository/net/minidev/json-smart/2.2.1/json-smart-2.2.1.jar:/Users/lumarmacy1/.m2/repository/net/minidev/accessors-smart/1.1/accessors-smart-1.1.jar:/Users/lumarmacy1/.m2/repository/org/ow2/asm/asm/5.0.3/asm-5.0.3.jar:/Users/lumarmacy1/.m2/repository/org/slf4j/slf4j-api/1.7.25/slf4j-api-1.7.25.jar:/Users/lumarmacy1/.m2/repository/junit/junit/4.12/junit-4.12.jar:/Users/lumarmacy1/.m2/repository/org/assertj/assertj-core/2.6.0/assertj-core-2.6.0.jar:/Users/lumarmacy1/.m2/repository/org/mockito/mockito-core/1.10.19/mockito-core-1.10.19.jar:/Users/lumarmacy1/.m2/repository/org/objenesis/objenesis/2.1/objenesis-2.1.jar:/Users/lumarmacy1/.m2/repository/org/hamcrest/hamcrest-core/1.3/hamcrest-core-1.3.jar:/Users/lumarmacy1/.m2/repository/org/hamcrest/hamcrest-library/1.3/hamcrest-library-1.3.jar:/Users/lumarmacy1/.m2/repository/org/skyscreamer/jsonassert/1.4.0/jsonassert-1.4.0.jar:/Users/lumarmacy1/.m2/repository/com/vaadin/external/google/android-json/0.0.20131108.vaadin1/android-json-0.0.20131108.vaadin1.jar:/Users/lumarmacy1/.m2/repository/org/springframework/spring-core/4.3.12.RELEASE/spring-core-4.3.12.RELEASE.jar:/Users/lumarmacy1/.m2/repository/org/springframework/spring-test/4.3.12.RELEASE/spring-test-4.3.12.RELEASE.jar:, user.name=lumarmacy1, java.vm.specification.version=1.8, sun.java.command=/Users/lumarmacy1/dev/git/spring-boot-angular-skeleton/target/surefire/surefirebooter409106115080137581.jar /Users/lumarmacy1/dev/git/spring-boot-angular-skeleton/target/surefire/surefire3276570484709615518tmp /Users/lumarmacy1/dev/git/spring-boot-angular-skeleton/target/surefire/surefire_04986775103381129290tmp, java.home=/Library/Java/JavaVirtualMachines/jdk1.8.0_92.jdk/Contents/Home/jre, sun.arch.data.model=64, user.language=en, java.specification.vendor=Oracle Corporation, awt.toolkit=sun.lwawt.macosx.LWCToolkit, java.vm.info=mixed mode, java.version=1.8.0_92, java.ext.dirs=/Users/lumarmacy1/Library/Java/Extensions:/Library/Java/JavaVirtualMachines/jdk1.8.0_92.jdk/Contents/Home/jre/lib/ext:/Library/Java/Extensions:/Network/Library/Java/Extensions:/System/Library/Java/Extensions:/usr/lib/java, sun.boot.class.path=/Library/Java/JavaVirtualMachines/jdk1.8.0_92.jdk/Contents/Home/jre/lib/resources.jar:/Library/Java/JavaVirtualMachines/jdk1.8.0_92.jdk/Contents/Home/jre/lib/rt.jar:/Library/Java/JavaVirtualMachines/jdk1.8.0_92.jdk/Contents/Home/jre/lib/sunrsasign.jar:/Library/Java/JavaVirtualMachines/jdk1.8.0_92.jdk/Contents/Home/jre/lib/jsse.jar:/Library/Java/JavaVirtualMachines/jdk1.8.0_92.jdk/Contents/Home/jre/lib/jce.jar:/Library/Java/JavaVirtualMachines/jdk1.8.0_92.jdk/Contents/Home/jre/lib/charsets.jar:/Library/Java/JavaVirtualMachines/jdk1.8.0_92.jdk/Contents/Home/jre/lib/jfr.jar:/Library/Java/JavaVirtualMachines/jdk1.8.0_92.jdk/Contents/Home/jre/classes, java.vendor=Oracle Corporation, localRepository=/Users/lumarmacy1/.m2/repository, file.separator=/, java.vendor.url.bug=http://bugreport.sun.com/bugreport/, sun.io.unicode.encoding=UnicodeBig, sun.cpu.endian=little, socksNonProxyHosts=local|*.local|169.254/16|*.169.254/16, ftp.nonProxyHosts=local|*.local|169.254/16|*.169.254/16, sun.cpu.isalist=}}, SystemEnvironmentPropertySource@1800890735 {name='systemEnvironment', properties={PATH=/usr/local/bin:/usr/bin:/bin:/usr/sbin:/sbin, SHELL=/bin/bash, OLDPWD=/Users/lumarmacy1/dev/git/spring-boot-angular-skeleton, USER=lumarmacy1, TMPDIR=/var/folders/_y/vbldd52j0cq4lfghkwnldby40000gp/T/, SSH_AUTH_SOCK=/private/tmp/com.apple.launchd.bDWV97lf2a/Listeners, XPC_FLAGS=0x0, __CF_USER_TEXT_ENCODING=0x1F6:0x0:0x0, Apple_PubSub_Socket_Render=/private/tmp/com.apple.launchd.ptIb2N02ir/Render, LOGNAME=lumarmacy1, JAVA_MAIN_CLASS_35304=org.apache.maven.surefire.booter.ForkedBooter, LC_CTYPE=en_US.UTF-8, XPC_SERVICE_NAME=0, PWD=/Users/lumarmacy1/dev/git/spring-boot-angular-skeleton, JAVA_MAIN_CLASS_35302=com.intellij.rt.execution.application.AppMain, HOME=/Users/lumarmacy1, SHLVL=1, _=/Library/Java/JavaVirtualMachines/jdk1.8.0_92.jdk/Contents/Home/jre/bin/java}}]
21:52:27.047 [main] DEBUG org.springframework.core.io.support.PathMatchingResourcePatternResolver - Resolved classpath location [com/lumar/mbans/spring/] to resources [URL [file:/Users/lumarmacy1/dev/git/spring-boot-angular-skeleton/target/test-classes/com/lumar/mbans/spring/], URL [file:/Users/lumarmacy1/dev/git/spring-boot-angular-skeleton/target/classes/com/lumar/mbans/spring/]]
21:52:27.047 [main] DEBUG org.springframework.core.io.support.PathMatchingResourcePatternResolver - Looking for matching resources in directory tree [/Users/lumarmacy1/dev/git/spring-boot-angular-skeleton/target/test-classes/com/lumar/mbans/spring]
21:52:27.048 [main] DEBUG org.springframework.core.io.support.PathMatchingResourcePatternResolver - Searching directory [/Users/lumarmacy1/dev/git/spring-boot-angular-skeleton/target/test-classes/com/lumar/mbans/spring] for files matching pattern [/Users/lumarmacy1/dev/git/spring-boot-angular-skeleton/target/test-classes/com/lumar/mbans/spring/*.class]
21:52:27.051 [main] DEBUG org.springframework.core.io.support.PathMatchingResourcePatternResolver - Looking for matching resources in directory tree [/Users/lumarmacy1/dev/git/spring-boot-angular-skeleton/target/classes/com/lumar/mbans/spring]
21:52:27.052 [main] DEBUG org.springframework.core.io.support.PathMatchingResourcePatternResolver - Searching directory [/Users/lumarmacy1/dev/git/spring-boot-angular-skeleton/target/classes/com/lumar/mbans/spring] for files matching pattern [/Users/lumarmacy1/dev/git/spring-boot-angular-skeleton/target/classes/com/lumar/mbans/spring/*.class]
21:52:27.052 [main] DEBUG org.springframework.core.io.support.PathMatchingResourcePatternResolver - Resolved location pattern [classpath*:com/lumar/mbans/spring/*.class] to resources [file [/Users/lumarmacy1/dev/git/spring-boot-angular-skeleton/target/test-classes/com/lumar/mbans/spring/HelloControllerIT.class], file [/Users/lumarmacy1/dev/git/spring-boot-angular-skeleton/target/test-classes/com/lumar/mbans/spring/HelloControllerTest.class], file [/Users/lumarmacy1/dev/git/spring-boot-angular-skeleton/target/classes/com/lumar/mbans/spring/Application.class], file [/Users/lumarmacy1/dev/git/spring-boot-angular-skeleton/target/classes/com/lumar/mbans/spring/HelloController.class]]
21:52:27.123 [main] DEBUG org.springframework.context.annotation.ClassPathScanningCandidateComponentProvider - Identified candidate component class: file [/Users/lumarmacy1/dev/git/spring-boot-angular-skeleton/target/classes/com/lumar/mbans/spring/Application.class]
21:52:27.135 [main] INFO org.springframework.boot.test.context.SpringBootTestContextBootstrapper - Found @SpringBootConfiguration com.lumar.mbans.spring.Application for test class com.lumar.mbans.spring.HelloControllerTest
21:52:27.140 [main] DEBUG org.springframework.boot.test.context.SpringBootTestContextBootstrapper - @TestExecutionListeners is not present for class [com.lumar.mbans.spring.HelloControllerTest]: using defaults.
21:52:27.145 [main] INFO org.springframework.boot.test.context.SpringBootTestContextBootstrapper - Loaded default TestExecutionListener class names from location [META-INF/spring.factories]: [org.springframework.boot.test.mock.mockito.MockitoTestExecutionListener, org.springframework.boot.test.mock.mockito.ResetMocksTestExecutionListener, org.springframework.boot.test.autoconfigure.restdocs.RestDocsTestExecutionListener, org.springframework.boot.test.autoconfigure.web.client.MockRestServiceServerResetTestExecutionListener, org.springframework.boot.test.autoconfigure.web.servlet.MockMvcPrintOnlyOnFailureTestExecutionListener, org.springframework.boot.test.autoconfigure.web.servlet.WebDriverTestExecutionListener, org.springframework.test.context.web.ServletTestExecutionListener, org.springframework.test.context.support.DirtiesContextBeforeModesTestExecutionListener, org.springframework.test.context.support.DependencyInjectionTestExecutionListener, org.springframework.test.context.support.DirtiesContextTestExecutionListener, org.springframework.test.context.transaction.TransactionalTestExecutionListener, org.springframework.test.context.jdbc.SqlScriptsTestExecutionListener]
21:52:27.196 [main] INFO org.springframework.boot.test.context.SpringBootTestContextBootstrapper - Could not instantiate TestExecutionListener [org.springframework.test.context.transaction.TransactionalTestExecutionListener]. Specify custom listener classes or make the default listener classes (and their required dependencies) available. Offending class: [org/springframework/transaction/interceptor/TransactionAttributeSource]
21:52:27.198 [main] INFO org.springframework.boot.test.context.SpringBootTestContextBootstrapper - Could not instantiate TestExecutionListener [org.springframework.test.context.jdbc.SqlScriptsTestExecutionListener]. Specify custom listener classes or make the default listener classes (and their required dependencies) available. Offending class: [org/springframework/transaction/interceptor/TransactionAttribute]
21:52:27.199 [main] INFO org.springframework.boot.test.context.SpringBootTestContextBootstrapper - Using TestExecutionListeners: [org.springframework.test.context.web.ServletTestExecutionListener@38364841, org.springframework.test.context.support.DirtiesContextBeforeModesTestExecutionListener@28c4711c, org.springframework.boot.test.autoconfigure.SpringBootDependencyInjectionTestExecutionListener@59717824, org.springframework.test.context.support.DirtiesContextTestExecutionListener@146044d7, org.springframework.boot.test.mock.mockito.ResetMocksTestExecutionListener@1e9e725a, org.springframework.boot.test.autoconfigure.web.servlet.MockMvcPrintOnlyOnFailureTestExecutionListener@15d9bc04, org.springframework.boot.test.autoconfigure.restdocs.RestDocsTestExecutionListener@473b46c3, org.springframework.boot.test.mock.mockito.MockitoTestExecutionListener@516be40f, org.springframework.boot.test.autoconfigure.web.servlet.WebDriverTestExecutionListener@3c0a50da, org.springframework.boot.test.autoconfigure.web.client.MockRestServiceServerResetTestExecutionListener@646be2c3]
21:52:27.207 [main] DEBUG org.springframework.test.annotation.ProfileValueUtils - Retrieved @ProfileValueSourceConfiguration [null] for test class [com.lumar.mbans.spring.HelloControllerTest]
21:52:27.209 [main] DEBUG org.springframework.test.annotation.ProfileValueUtils - Retrieved ProfileValueSource type [class org.springframework.test.annotation.SystemProfileValueSource] for class [com.lumar.mbans.spring.HelloControllerTest]
21:52:27.212 [main] DEBUG org.springframework.test.context.junit4.SpringJUnit4ClassRunner - SpringJUnit4ClassRunner constructor called with [class com.lumar.mbans.spring.HelloControllerTest]
21:52:27.212 [main] DEBUG org.springframework.test.context.BootstrapUtils - Instantiating CacheAwareContextLoaderDelegate from class [org.springframework.test.context.cache.DefaultCacheAwareContextLoaderDelegate]
21:52:27.212 [main] DEBUG org.springframework.test.context.BootstrapUtils - Instantiating BootstrapContext using constructor [public org.springframework.test.context.support.DefaultBootstrapContext(java.lang.Class,org.springframework.test.context.CacheAwareContextLoaderDelegate)]
21:52:27.213 [main] DEBUG org.springframework.test.context.BootstrapUtils - Instantiating TestContextBootstrapper for test class [com.lumar.mbans.spring.HelloControllerTest] from class [org.springframework.boot.test.context.SpringBootTestContextBootstrapper]
21:52:27.213 [main] INFO org.springframework.boot.test.context.SpringBootTestContextBootstrapper - Neither @ContextConfiguration nor @ContextHierarchy found for test class [com.lumar.mbans.spring.HelloControllerTest], using SpringBootContextLoader
21:52:27.214 [main] DEBUG org.springframework.test.context.support.AbstractContextLoader - Did not detect default resource location for test class [com.lumar.mbans.spring.HelloControllerTest]: class path resource [com/lumar/mbans/spring/HelloControllerTest-context.xml] does not exist
21:52:27.215 [main] DEBUG org.springframework.test.context.support.AbstractContextLoader - Did not detect default resource location for test class [com.lumar.mbans.spring.HelloControllerTest]: class path resource [com/lumar/mbans/spring/HelloControllerTestContext.groovy] does not exist
21:52:27.215 [main] INFO org.springframework.test.context.support.AbstractContextLoader - Could not detect default resource locations for test class [com.lumar.mbans.spring.HelloControllerTest]: no resource found for suffixes {-context.xml, Context.groovy}.
21:52:27.215 [main] INFO org.springframework.test.context.support.AnnotationConfigContextLoaderUtils - Could not detect default configuration classes for test class [com.lumar.mbans.spring.HelloControllerTest]: HelloControllerTest does not declare any static, non-private, non-final, nested classes annotated with @Configuration.
21:52:27.224 [main] DEBUG org.springframework.test.context.support.ActiveProfilesUtils - Could not find an 'annotation declaring class' for annotation type [org.springframework.test.context.ActiveProfiles] and class [com.lumar.mbans.spring.HelloControllerTest]
21:52:27.225 [main] DEBUG org.springframework.core.env.StandardEnvironment - Adding PropertySource 'systemProperties' with lowest search precedence
21:52:27.225 [main] DEBUG org.springframework.core.env.StandardEnvironment - Adding PropertySource 'systemEnvironment' with lowest search precedence
21:52:27.225 [main] DEBUG org.springframework.core.env.StandardEnvironment - Initialized StandardEnvironment with PropertySources [MapPropertySource@2141179775 {name='systemProperties', properties={idea.version=15.0.4, java.runtime.name=Java(TM) SE Runtime Environment, sun.boot.library.path=/Library/Java/JavaVirtualMachines/jdk1.8.0_92.jdk/Contents/Home/jre/lib, java.vm.version=25.92-b14, user.country.format=GB, gopherProxySet=false, java.vm.vendor=Oracle Corporation, java.vendor.url=http://java.oracle.com/, path.separator=:, java.vm.name=Java HotSpot(TM) 64-Bit Server VM, file.encoding.pkg=sun.io, user.country=US, sun.java.launcher=SUN_STANDARD, sun.os.patch.level=unknown, java.vm.specification.name=Java Virtual Machine Specification, user.dir=/Users/lumarmacy1/dev/git/spring-boot-angular-skeleton, java.runtime.version=1.8.0_92-b14, basedir=/Users/lumarmacy1/dev/git/spring-boot-angular-skeleton, java.awt.graphicsenv=sun.awt.CGraphicsEnvironment, java.endorsed.dirs=/Library/Java/JavaVirtualMachines/jdk1.8.0_92.jdk/Contents/Home/jre/lib/endorsed, os.arch=x86_64, surefire.real.class.path=/Users/lumarmacy1/dev/git/spring-boot-angular-skeleton/target/surefire/surefirebooter409106115080137581.jar, java.io.tmpdir=/var/folders/_y/vbldd52j0cq4lfghkwnldby40000gp/T/, line.separator=
, java.vm.specification.vendor=Oracle Corporation, os.name=Mac OS X, sun.jnu.encoding=UTF-8, java.library.path=/Users/lumarmacy1/Library/Java/Extensions:/Library/Java/Extensions:/Network/Library/Java/Extensions:/System/Library/Java/Extensions:/usr/lib/java:., surefire.test.class.path=/Users/lumarmacy1/dev/git/spring-boot-angular-skeleton/target/test-classes:/Users/lumarmacy1/dev/git/spring-boot-angular-skeleton/target/classes:/Users/lumarmacy1/.m2/repository/org/springframework/boot/spring-boot-starter-web/1.5.8.RELEASE/spring-boot-starter-web-1.5.8.RELEASE.jar:/Users/lumarmacy1/.m2/repository/org/springframework/boot/spring-boot-starter/1.5.8.RELEASE/spring-boot-starter-1.5.8.RELEASE.jar:/Users/lumarmacy1/.m2/repository/org/springframework/boot/spring-boot/1.5.8.RELEASE/spring-boot-1.5.8.RELEASE.jar:/Users/lumarmacy1/.m2/repository/org/springframework/boot/spring-boot-autoconfigure/1.5.8.RELEASE/spring-boot-autoconfigure-1.5.8.RELEASE.jar:/Users/lumarmacy1/.m2/repository/org/springframework/boot/spring-boot-starter-logging/1.5.8.RELEASE/spring-boot-starter-logging-1.5.8.RELEASE.jar:/Users/lumarmacy1/.m2/repository/ch/qos/logback/logback-classic/1.1.11/logback-classic-1.1.11.jar:/Users/lumarmacy1/.m2/repository/ch/qos/logback/logback-core/1.1.11/logback-core-1.1.11.jar:/Users/lumarmacy1/.m2/repository/org/slf4j/jcl-over-slf4j/1.7.25/jcl-over-slf4j-1.7.25.jar:/Users/lumarmacy1/.m2/repository/org/slf4j/jul-to-slf4j/1.7.25/jul-to-slf4j-1.7.25.jar:/Users/lumarmacy1/.m2/repository/org/slf4j/log4j-over-slf4j/1.7.25/log4j-over-slf4j-1.7.25.jar:/Users/lumarmacy1/.m2/repository/org/yaml/snakeyaml/1.17/snakeyaml-1.17.jar:/Users/lumarmacy1/.m2/repository/org/springframework/boot/spring-boot-starter-tomcat/1.5.8.RELEASE/spring-boot-starter-tomcat-1.5.8.RELEASE.jar:/Users/lumarmacy1/.m2/repository/org/apache/tomcat/embed/tomcat-embed-core/8.5.23/tomcat-embed-core-8.5.23.jar:/Users/lumarmacy1/.m2/repository/org/apache/tomcat/tomcat-annotations-api/8.5.23/tomcat-annotations-api-8.5.23.jar:/Users/lumarmacy1/.m2/repository/org/apache/tomcat/embed/tomcat-embed-el/8.5.23/tomcat-embed-el-8.5.23.jar:/Users/lumarmacy1/.m2/repository/org/apache/tomcat/embed/tomcat-embed-websocket/8.5.23/tomcat-embed-websocket-8.5.23.jar:/Users/lumarmacy1/.m2/repository/org/hibernate/hibernate-validator/5.3.5.Final/hibernate-validator-5.3.5.Final.jar:/Users/lumarmacy1/.m2/repository/javax/validation/validation-api/1.1.0.Final/validation-api-1.1.0.Final.jar:/Users/lumarmacy1/.m2/repository/org/jboss/logging/jboss-logging/3.3.1.Final/jboss-logging-3.3.1.Final.jar:/Users/lumarmacy1/.m2/repository/com/fasterxml/classmate/1.3.4/classmate-1.3.4.jar:/Users/lumarmacy1/.m2/repository/com/fasterxml/jackson/core/jackson-databind/2.8.10/jackson-databind-2.8.10.jar:/Users/lumarmacy1/.m2/repository/com/fasterxml/jackson/core/jackson-annotations/2.8.0/jackson-annotations-2.8.0.jar:/Users/lumarmacy1/.m2/repository/com/fasterxml/jackson/core/jackson-core/2.8.10/jackson-core-2.8.10.jar:/Users/lumarmacy1/.m2/repository/org/springframework/spring-web/4.3.12.RELEASE/spring-web-4.3.12.RELEASE.jar:/Users/lumarmacy1/.m2/repository/org/springframework/spring-aop/4.3.12.RELEASE/spring-aop-4.3.12.RELEASE.jar:/Users/lumarmacy1/.m2/repository/org/springframework/spring-beans/4.3.12.RELEASE/spring-beans-4.3.12.RELEASE.jar:/Users/lumarmacy1/.m2/repository/org/springframework/spring-context/4.3.12.RELEASE/spring-context-4.3.12.RELEASE.jar:/Users/lumarmacy1/.m2/repository/org/springframework/spring-webmvc/4.3.12.RELEASE/spring-webmvc-4.3.12.RELEASE.jar:/Users/lumarmacy1/.m2/repository/org/springframework/spring-expression/4.3.12.RELEASE/spring-expression-4.3.12.RELEASE.jar:/Users/lumarmacy1/.m2/repository/org/springframework/boot/spring-boot-starter-actuator/1.5.8.RELEASE/spring-boot-starter-actuator-1.5.8.RELEASE.jar:/Users/lumarmacy1/.m2/repository/org/springframework/boot/spring-boot-actuator/1.5.8.RELEASE/spring-boot-actuator-1.5.8.RELEASE.jar:/Users/lumarmacy1/.m2/repository/com/github/ulisesbocchio/jasypt-spring-boot-starter/1.17/jasypt-spring-boot-starter-1.17.jar:/Users/lumarmacy1/.m2/repository/com/github/ulisesbocchio/jasypt-spring-boot/1.17/jasypt-spring-boot-1.17.jar:/Users/lumarmacy1/.m2/repository/org/jasypt/jasypt/1.9.2/jasypt-1.9.2.jar:/Users/lumarmacy1/.m2/repository/org/springframework/boot/spring-boot-starter-test/1.5.8.RELEASE/spring-boot-starter-test-1.5.8.RELEASE.jar:/Users/lumarmacy1/.m2/repository/org/springframework/boot/spring-boot-test/1.5.8.RELEASE/spring-boot-test-1.5.8.RELEASE.jar:/Users/lumarmacy1/.m2/repository/org/springframework/boot/spring-boot-test-autoconfigure/1.5.8.RELEASE/spring-boot-test-autoconfigure-1.5.8.RELEASE.jar:/Users/lumarmacy1/.m2/repository/com/jayway/jsonpath/json-path/2.2.0/json-path-2.2.0.jar:/Users/lumarmacy1/.m2/repository/net/minidev/json-smart/2.2.1/json-smart-2.2.1.jar:/Users/lumarmacy1/.m2/repository/net/minidev/accessors-smart/1.1/accessors-smart-1.1.jar:/Users/lumarmacy1/.m2/repository/org/ow2/asm/asm/5.0.3/asm-5.0.3.jar:/Users/lumarmacy1/.m2/repository/org/slf4j/slf4j-api/1.7.25/slf4j-api-1.7.25.jar:/Users/lumarmacy1/.m2/repository/junit/junit/4.12/junit-4.12.jar:/Users/lumarmacy1/.m2/repository/org/assertj/assertj-core/2.6.0/assertj-core-2.6.0.jar:/Users/lumarmacy1/.m2/repository/org/mockito/mockito-core/1.10.19/mockito-core-1.10.19.jar:/Users/lumarmacy1/.m2/repository/org/objenesis/objenesis/2.1/objenesis-2.1.jar:/Users/lumarmacy1/.m2/repository/org/hamcrest/hamcrest-core/1.3/hamcrest-core-1.3.jar:/Users/lumarmacy1/.m2/repository/org/hamcrest/hamcrest-library/1.3/hamcrest-library-1.3.jar:/Users/lumarmacy1/.m2/repository/org/skyscreamer/jsonassert/1.4.0/jsonassert-1.4.0.jar:/Users/lumarmacy1/.m2/repository/com/vaadin/external/google/android-json/0.0.20131108.vaadin1/android-json-0.0.20131108.vaadin1.jar:/Users/lumarmacy1/.m2/repository/org/springframework/spring-core/4.3.12.RELEASE/spring-core-4.3.12.RELEASE.jar:/Users/lumarmacy1/.m2/repository/org/springframework/spring-test/4.3.12.RELEASE/spring-test-4.3.12.RELEASE.jar:, java.specification.name=Java Platform API Specification, java.class.version=52.0, sun.management.compiler=HotSpot 64-Bit Tiered Compilers, os.version=10.11.3, http.nonProxyHosts=local|*.local|169.254/16|*.169.254/16, user.home=/Users/lumarmacy1, user.timezone=Asia/Manila, java.awt.printerjob=sun.lwawt.macosx.CPrinterJob, file.encoding=UTF-8, java.specification.version=1.8, java.class.path=/Users/lumarmacy1/dev/git/spring-boot-angular-skeleton/target/test-classes:/Users/lumarmacy1/dev/git/spring-boot-angular-skeleton/target/classes:/Users/lumarmacy1/.m2/repository/org/springframework/boot/spring-boot-starter-web/1.5.8.RELEASE/spring-boot-starter-web-1.5.8.RELEASE.jar:/Users/lumarmacy1/.m2/repository/org/springframework/boot/spring-boot-starter/1.5.8.RELEASE/spring-boot-starter-1.5.8.RELEASE.jar:/Users/lumarmacy1/.m2/repository/org/springframework/boot/spring-boot/1.5.8.RELEASE/spring-boot-1.5.8.RELEASE.jar:/Users/lumarmacy1/.m2/repository/org/springframework/boot/spring-boot-autoconfigure/1.5.8.RELEASE/spring-boot-autoconfigure-1.5.8.RELEASE.jar:/Users/lumarmacy1/.m2/repository/org/springframework/boot/spring-boot-starter-logging/1.5.8.RELEASE/spring-boot-starter-logging-1.5.8.RELEASE.jar:/Users/lumarmacy1/.m2/repository/ch/qos/logback/logback-classic/1.1.11/logback-classic-1.1.11.jar:/Users/lumarmacy1/.m2/repository/ch/qos/logback/logback-core/1.1.11/logback-core-1.1.11.jar:/Users/lumarmacy1/.m2/repository/org/slf4j/jcl-over-slf4j/1.7.25/jcl-over-slf4j-1.7.25.jar:/Users/lumarmacy1/.m2/repository/org/slf4j/jul-to-slf4j/1.7.25/jul-to-slf4j-1.7.25.jar:/Users/lumarmacy1/.m2/repository/org/slf4j/log4j-over-slf4j/1.7.25/log4j-over-slf4j-1.7.25.jar:/Users/lumarmacy1/.m2/repository/org/yaml/snakeyaml/1.17/snakeyaml-1.17.jar:/Users/lumarmacy1/.m2/repository/org/springframework/boot/spring-boot-starter-tomcat/1.5.8.RELEASE/spring-boot-starter-tomcat-1.5.8.RELEASE.jar:/Users/lumarmacy1/.m2/repository/org/apache/tomcat/embed/tomcat-embed-core/8.5.23/tomcat-embed-core-8.5.23.jar:/Users/lumarmacy1/.m2/repository/org/apache/tomcat/tomcat-annotations-api/8.5.23/tomcat-annotations-api-8.5.23.jar:/Users/lumarmacy1/.m2/repository/org/apache/tomcat/embed/tomcat-embed-el/8.5.23/tomcat-embed-el-8.5.23.jar:/Users/lumarmacy1/.m2/repository/org/apache/tomcat/embed/tomcat-embed-websocket/8.5.23/tomcat-embed-websocket-8.5.23.jar:/Users/lumarmacy1/.m2/repository/org/hibernate/hibernate-validator/5.3.5.Final/hibernate-validator-5.3.5.Final.jar:/Users/lumarmacy1/.m2/repository/javax/validation/validation-api/1.1.0.Final/validation-api-1.1.0.Final.jar:/Users/lumarmacy1/.m2/repository/org/jboss/logging/jboss-logging/3.3.1.Final/jboss-logging-3.3.1.Final.jar:/Users/lumarmacy1/.m2/repository/com/fasterxml/classmate/1.3.4/classmate-1.3.4.jar:/Users/lumarmacy1/.m2/repository/com/fasterxml/jackson/core/jackson-databind/2.8.10/jackson-databind-2.8.10.jar:/Users/lumarmacy1/.m2/repository/com/fasterxml/jackson/core/jackson-annotations/2.8.0/jackson-annotations-2.8.0.jar:/Users/lumarmacy1/.m2/repository/com/fasterxml/jackson/core/jackson-core/2.8.10/jackson-core-2.8.10.jar:/Users/lumarmacy1/.m2/repository/org/springframework/spring-web/4.3.12.RELEASE/spring-web-4.3.12.RELEASE.jar:/Users/lumarmacy1/.m2/repository/org/springframework/spring-aop/4.3.12.RELEASE/spring-aop-4.3.12.RELEASE.jar:/Users/lumarmacy1/.m2/repository/org/springframework/spring-beans/4.3.12.RELEASE/spring-beans-4.3.12.RELEASE.jar:/Users/lumarmacy1/.m2/repository/org/springframework/spring-context/4.3.12.RELEASE/spring-context-4.3.12.RELEASE.jar:/Users/lumarmacy1/.m2/repository/org/springframework/spring-webmvc/4.3.12.RELEASE/spring-webmvc-4.3.12.RELEASE.jar:/Users/lumarmacy1/.m2/repository/org/springframework/spring-expression/4.3.12.RELEASE/spring-expression-4.3.12.RELEASE.jar:/Users/lumarmacy1/.m2/repository/org/springframework/boot/spring-boot-starter-actuator/1.5.8.RELEASE/spring-boot-starter-actuator-1.5.8.RELEASE.jar:/Users/lumarmacy1/.m2/repository/org/springframework/boot/spring-boot-actuator/1.5.8.RELEASE/spring-boot-actuator-1.5.8.RELEASE.jar:/Users/lumarmacy1/.m2/repository/com/github/ulisesbocchio/jasypt-spring-boot-starter/1.17/jasypt-spring-boot-starter-1.17.jar:/Users/lumarmacy1/.m2/repository/com/github/ulisesbocchio/jasypt-spring-boot/1.17/jasypt-spring-boot-1.17.jar:/Users/lumarmacy1/.m2/repository/org/jasypt/jasypt/1.9.2/jasypt-1.9.2.jar:/Users/lumarmacy1/.m2/repository/org/springframework/boot/spring-boot-starter-test/1.5.8.RELEASE/spring-boot-starter-test-1.5.8.RELEASE.jar:/Users/lumarmacy1/.m2/repository/org/springframework/boot/spring-boot-test/1.5.8.RELEASE/spring-boot-test-1.5.8.RELEASE.jar:/Users/lumarmacy1/.m2/repository/org/springframework/boot/spring-boot-test-autoconfigure/1.5.8.RELEASE/spring-boot-test-autoconfigure-1.5.8.RELEASE.jar:/Users/lumarmacy1/.m2/repository/com/jayway/jsonpath/json-path/2.2.0/json-path-2.2.0.jar:/Users/lumarmacy1/.m2/repository/net/minidev/json-smart/2.2.1/json-smart-2.2.1.jar:/Users/lumarmacy1/.m2/repository/net/minidev/accessors-smart/1.1/accessors-smart-1.1.jar:/Users/lumarmacy1/.m2/repository/org/ow2/asm/asm/5.0.3/asm-5.0.3.jar:/Users/lumarmacy1/.m2/repository/org/slf4j/slf4j-api/1.7.25/slf4j-api-1.7.25.jar:/Users/lumarmacy1/.m2/repository/junit/junit/4.12/junit-4.12.jar:/Users/lumarmacy1/.m2/repository/org/assertj/assertj-core/2.6.0/assertj-core-2.6.0.jar:/Users/lumarmacy1/.m2/repository/org/mockito/mockito-core/1.10.19/mockito-core-1.10.19.jar:/Users/lumarmacy1/.m2/repository/org/objenesis/objenesis/2.1/objenesis-2.1.jar:/Users/lumarmacy1/.m2/repository/org/hamcrest/hamcrest-core/1.3/hamcrest-core-1.3.jar:/Users/lumarmacy1/.m2/repository/org/hamcrest/hamcrest-library/1.3/hamcrest-library-1.3.jar:/Users/lumarmacy1/.m2/repository/org/skyscreamer/jsonassert/1.4.0/jsonassert-1.4.0.jar:/Users/lumarmacy1/.m2/repository/com/vaadin/external/google/android-json/0.0.20131108.vaadin1/android-json-0.0.20131108.vaadin1.jar:/Users/lumarmacy1/.m2/repository/org/springframework/spring-core/4.3.12.RELEASE/spring-core-4.3.12.RELEASE.jar:/Users/lumarmacy1/.m2/repository/org/springframework/spring-test/4.3.12.RELEASE/spring-test-4.3.12.RELEASE.jar:, user.name=lumarmacy1, java.vm.specification.version=1.8, sun.java.command=/Users/lumarmacy1/dev/git/spring-boot-angular-skeleton/target/surefire/surefirebooter409106115080137581.jar /Users/lumarmacy1/dev/git/spring-boot-angular-skeleton/target/surefire/surefire3276570484709615518tmp /Users/lumarmacy1/dev/git/spring-boot-angular-skeleton/target/surefire/surefire_04986775103381129290tmp, java.home=/Library/Java/JavaVirtualMachines/jdk1.8.0_92.jdk/Contents/Home/jre, sun.arch.data.model=64, user.language=en, java.specification.vendor=Oracle Corporation, awt.toolkit=sun.lwawt.macosx.LWCToolkit, java.vm.info=mixed mode, java.version=1.8.0_92, java.ext.dirs=/Users/lumarmacy1/Library/Java/Extensions:/Library/Java/JavaVirtualMachines/jdk1.8.0_92.jdk/Contents/Home/jre/lib/ext:/Library/Java/Extensions:/Network/Library/Java/Extensions:/System/Library/Java/Extensions:/usr/lib/java, sun.boot.class.path=/Library/Java/JavaVirtualMachines/jdk1.8.0_92.jdk/Contents/Home/jre/lib/resources.jar:/Library/Java/JavaVirtualMachines/jdk1.8.0_92.jdk/Contents/Home/jre/lib/rt.jar:/Library/Java/JavaVirtualMachines/jdk1.8.0_92.jdk/Contents/Home/jre/lib/sunrsasign.jar:/Library/Java/JavaVirtualMachines/jdk1.8.0_92.jdk/Contents/Home/jre/lib/jsse.jar:/Library/Java/JavaVirtualMachines/jdk1.8.0_92.jdk/Contents/Home/jre/lib/jce.jar:/Library/Java/JavaVirtualMachines/jdk1.8.0_92.jdk/Contents/Home/jre/lib/charsets.jar:/Library/Java/JavaVirtualMachines/jdk1.8.0_92.jdk/Contents/Home/jre/lib/jfr.jar:/Library/Java/JavaVirtualMachines/jdk1.8.0_92.jdk/Contents/Home/jre/classes, java.vendor=Oracle Corporation, localRepository=/Users/lumarmacy1/.m2/repository, file.separator=/, java.vendor.url.bug=http://bugreport.sun.com/bugreport/, sun.io.unicode.encoding=UnicodeBig, sun.cpu.endian=little, socksNonProxyHosts=local|*.local|169.254/16|*.169.254/16, ftp.nonProxyHosts=local|*.local|169.254/16|*.169.254/16, sun.cpu.isalist=}}, SystemEnvironmentPropertySource@592959754 {name='systemEnvironment', properties={PATH=/usr/local/bin:/usr/bin:/bin:/usr/sbin:/sbin, SHELL=/bin/bash, OLDPWD=/Users/lumarmacy1/dev/git/spring-boot-angular-skeleton, USER=lumarmacy1, TMPDIR=/var/folders/_y/vbldd52j0cq4lfghkwnldby40000gp/T/, SSH_AUTH_SOCK=/private/tmp/com.apple.launchd.bDWV97lf2a/Listeners, XPC_FLAGS=0x0, __CF_USER_TEXT_ENCODING=0x1F6:0x0:0x0, Apple_PubSub_Socket_Render=/private/tmp/com.apple.launchd.ptIb2N02ir/Render, LOGNAME=lumarmacy1, JAVA_MAIN_CLASS_35304=org.apache.maven.surefire.booter.ForkedBooter, LC_CTYPE=en_US.UTF-8, XPC_SERVICE_NAME=0, PWD=/Users/lumarmacy1/dev/git/spring-boot-angular-skeleton, JAVA_MAIN_CLASS_35302=com.intellij.rt.execution.application.AppMain, HOME=/Users/lumarmacy1, SHLVL=1, _=/Library/Java/JavaVirtualMachines/jdk1.8.0_92.jdk/Contents/Home/jre/bin/java}}]
21:52:27.227 [main] INFO org.springframework.boot.test.context.SpringBootTestContextBootstrapper - Found @SpringBootConfiguration com.lumar.mbans.spring.Application for test class com.lumar.mbans.spring.HelloControllerTest
21:52:27.232 [main] DEBUG org.springframework.boot.test.context.SpringBootTestContextBootstrapper - @TestExecutionListeners is not present for class [com.lumar.mbans.spring.HelloControllerTest]: using defaults.
21:52:27.257 [main] INFO org.springframework.boot.test.context.SpringBootTestContextBootstrapper - Loaded default TestExecutionListener class names from location [META-INF/spring.factories]: [org.springframework.boot.test.mock.mockito.MockitoTestExecutionListener, org.springframework.boot.test.mock.mockito.ResetMocksTestExecutionListener, org.springframework.boot.test.autoconfigure.restdocs.RestDocsTestExecutionListener, org.springframework.boot.test.autoconfigure.web.client.MockRestServiceServerResetTestExecutionListener, org.springframework.boot.test.autoconfigure.web.servlet.MockMvcPrintOnlyOnFailureTestExecutionListener, org.springframework.boot.test.autoconfigure.web.servlet.WebDriverTestExecutionListener, org.springframework.test.context.web.ServletTestExecutionListener, org.springframework.test.context.support.DirtiesContextBeforeModesTestExecutionListener, org.springframework.test.context.support.DependencyInjectionTestExecutionListener, org.springframework.test.context.support.DirtiesContextTestExecutionListener, org.springframework.test.context.transaction.TransactionalTestExecutionListener, org.springframework.test.context.jdbc.SqlScriptsTestExecutionListener]
21:52:27.270 [main] INFO org.springframework.boot.test.context.SpringBootTestContextBootstrapper - Could not instantiate TestExecutionListener [org.springframework.test.context.transaction.TransactionalTestExecutionListener]. Specify custom listener classes or make the default listener classes (and their required dependencies) available. Offending class: [org/springframework/transaction/interceptor/TransactionAttributeSource]
21:52:27.271 [main] INFO org.springframework.boot.test.context.SpringBootTestContextBootstrapper - Could not instantiate TestExecutionListener [org.springframework.test.context.jdbc.SqlScriptsTestExecutionListener]. Specify custom listener classes or make the default listener classes (and their required dependencies) available. Offending class: [org/springframework/transaction/interceptor/TransactionAttribute]
21:52:27.273 [main] INFO org.springframework.boot.test.context.SpringBootTestContextBootstrapper - Using TestExecutionListeners: [org.springframework.test.context.web.ServletTestExecutionListener@2c34f934, org.springframework.test.context.support.DirtiesContextBeforeModesTestExecutionListener@12d3a4e9, org.springframework.boot.test.autoconfigure.SpringBootDependencyInjectionTestExecutionListener@240237d2, org.springframework.test.context.support.DirtiesContextTestExecutionListener@25a65b77, org.springframework.boot.test.mock.mockito.ResetMocksTestExecutionListener@2ed0fbae, org.springframework.boot.test.autoconfigure.web.servlet.MockMvcPrintOnlyOnFailureTestExecutionListener@212bf671, org.springframework.boot.test.autoconfigure.restdocs.RestDocsTestExecutionListener@14a2f921, org.springframework.boot.test.mock.mockito.MockitoTestExecutionListener@3c87521, org.springframework.boot.test.autoconfigure.web.servlet.WebDriverTestExecutionListener@2aece37d, org.springframework.boot.test.autoconfigure.web.client.MockRestServiceServerResetTestExecutionListener@548a102f]
21:52:27.274 [main] DEBUG org.springframework.test.annotation.ProfileValueUtils - Retrieved @ProfileValueSourceConfiguration [null] for test class [com.lumar.mbans.spring.HelloControllerTest]
21:52:27.275 [main] DEBUG org.springframework.test.annotation.ProfileValueUtils - Retrieved ProfileValueSource type [class org.springframework.test.annotation.SystemProfileValueSource] for class [com.lumar.mbans.spring.HelloControllerTest]
21:52:27.276 [main] DEBUG org.springframework.test.annotation.ProfileValueUtils - Retrieved @ProfileValueSourceConfiguration [null] for test class [com.lumar.mbans.spring.HelloControllerTest]
21:52:27.276 [main] DEBUG org.springframework.test.annotation.ProfileValueUtils - Retrieved ProfileValueSource type [class org.springframework.test.annotation.SystemProfileValueSource] for class [com.lumar.mbans.spring.HelloControllerTest]
]]></system-out>
  </testcase>
</testsuite>